\BOOKMARK [0][-]{chapter.1}{Introduction}{}% 1
\BOOKMARK [1][-]{section.1.1}{Motivation}{chapter.1}% 2
\BOOKMARK [1][-]{section.1.2}{Objectives}{chapter.1}% 3
\BOOKMARK [1][-]{section.1.3}{Structure of the document}{chapter.1}% 4
\BOOKMARK [0][-]{chapter.2}{State of the art}{}% 5
\BOOKMARK [1][-]{section.2.1}{Base and Ensemble Classifiers}{chapter.2}% 6
\BOOKMARK [2][-]{subsection.2.1.1}{Base Classifiers}{section.2.1}% 7
\BOOKMARK [2][-]{subsection.2.1.2}{Ensemble Classifiers}{section.2.1}% 8
\BOOKMARK [1][-]{section.2.2}{Classifier Optimization}{chapter.2}% 9
\BOOKMARK [1][-]{section.2.3}{Evaluation of Classifiers}{chapter.2}% 10
\BOOKMARK [1][-]{section.2.4}{Explainable AI}{chapter.2}% 11
\BOOKMARK [2][-]{subsection.2.4.1}{Explainable AI}{section.2.4}% 12
\BOOKMARK [2][-]{subsection.2.4.2}{SHAP}{section.2.4}% 13
\BOOKMARK [1][-]{section.2.5}{Web Application Development}{chapter.2}% 14
\BOOKMARK [0][-]{chapter.3}{Design and Implementation}{}% 15
\BOOKMARK [1][-]{section.3.1}{Project Structure}{chapter.3}% 16
\BOOKMARK [1][-]{section.3.2}{Exploratory Data Analysis}{chapter.3}% 17
\BOOKMARK [2][-]{subsection.3.2.1}{Descriptive Statistics}{section.3.2}% 18
\BOOKMARK [2][-]{subsection.3.2.2}{Data Visualization}{section.3.2}% 19
\BOOKMARK [1][-]{section.3.3}{Data Preprocessing}{chapter.3}% 20
\BOOKMARK [2][-]{subsection.3.3.1}{Scaling and Normalization}{section.3.3}% 21
\BOOKMARK [2][-]{subsection.3.3.2}{Principal Component Analysis}{section.3.3}% 22
\BOOKMARK [1][-]{section.3.4}{Building and Optimizing Classifiers}{chapter.3}% 23
\BOOKMARK [1][-]{section.3.5}{SHAP Implementation}{chapter.3}% 24
\BOOKMARK [1][-]{section.3.6}{Web Application Development}{chapter.3}% 25
\BOOKMARK [0][-]{chapter.4}{Experiments and Results}{}% 26
\BOOKMARK [1][-]{section.4.1}{Classifier Comparison}{chapter.4}% 27
\BOOKMARK [2][-]{subsection.4.1.1}{Base Classifiers Comparison}{section.4.1}% 28
\BOOKMARK [2][-]{subsection.4.1.2}{Ensemble Classifiers Comparison}{section.4.1}% 29
\BOOKMARK [2][-]{subsection.4.1.3}{Choosing the Best Classifier}{section.4.1}% 30
\BOOKMARK [1][-]{section.4.2}{SHAP Analysis}{chapter.4}% 31
\BOOKMARK [2][-]{subsection.4.2.1}{Global Interpretability}{section.4.2}% 32
\BOOKMARK [2][-]{subsection.4.2.2}{Local Interpretability}{section.4.2}% 33
\BOOKMARK [0][-]{chapter.5}{Conclusions and Future Work}{}% 34
\BOOKMARK [1][-]{section.5.1}{Conclusions}{chapter.5}% 35
\BOOKMARK [1][-]{section.5.2}{Future Work}{chapter.5}% 36
\BOOKMARK [0][-]{chapter*.10}{Bibliography}{}% 37
\BOOKMARK [-1][-]{part.1}{Appendices}{}% 38
